This file contains any messages produced by compilers while
running configure, to aid debugging if configure makes a mistake.

It was created by waveform_pylib configure 1.0, which was
generated by GNU Autoconf 2.69.  Invocation command line was

  $ ./configure PYTHON=/usr/local/bin/python2.7 LDFLAGS=-L/usr/local/lib CPPFLAGS=-I/home/dinanbai/.local/lib/python2.7/site-packages/numpy/core/include --no-create --no-recursion

## --------- ##
## Platform. ##
## --------- ##

hostname = csrlap2025-0002.engin.umich.edu
uname -m = x86_64
uname -r = 5.14.0-503.23.2.el9_5.x86_64
uname -s = Linux
uname -v = #1 SMP PREEMPT_DYNAMIC Fri Feb 7 15:07:19 EST 2025

/usr/bin/uname -p = x86_64
/bin/uname -X     = unknown

/bin/arch              = x86_64
/usr/bin/arch -k       = unknown
/usr/convex/getsysinfo = unknown
/usr/bin/hostinfo      = unknown
/bin/machine           = unknown
/usr/bin/oslevel       = unknown
/bin/universe          = unknown

PATH: /usr/local/bin
PATH: /home/linuxbrew/.linuxbrew/bin
PATH: /home/linuxbrew/.linuxbrew/sbin
PATH: /usr/local/bin
PATH: /home/linuxbrew/.linuxbrew/bin
PATH: /home/linuxbrew/.linuxbrew/sbin
PATH: /usr/local/bin
PATH: /home/linuxbrew/.linuxbrew/bin
PATH: /home/linuxbrew/.linuxbrew/sbin
PATH: /usr/local/bin
PATH: /home/linuxbrew/.linuxbrew/bin
PATH: /home/linuxbrew/.linuxbrew/sbin
PATH: /home/dinanbai/.local/bin
PATH: /home/dinanbai/bin
PATH: /sbin
PATH: /bin
PATH: /usr/bin
PATH: /usr/local/bin
PATH: /usr/local/sbin
PATH: /usr/sbin


## ----------- ##
## Core tests. ##
## ----------- ##

configure:2426: checking for a BSD-compatible install
configure:2494: result: /bin/install -c
configure:2505: checking whether build environment is sane
configure:2560: result: yes
configure:2711: checking for a thread-safe mkdir -p
configure:2750: result: /bin/mkdir -p
configure:2757: checking for gawk
configure:2773: found /bin/gawk
configure:2784: result: gawk
configure:2795: checking whether make sets $(MAKE)
configure:2817: result: yes
configure:2846: checking whether make supports nested variables
configure:2863: result: yes
configure:3039: checking for gcc
configure:3055: found /bin/gcc
configure:3066: result: gcc
configure:3295: checking for C compiler version
configure:3304: gcc --version >&5
gcc (GCC) 11.5.0 20240719 (Red Hat 11.5.0-5)
Copyright (C) 2021 Free Software Foundation, Inc.
This is free software; see the source for copying conditions.  There is NO
warranty; not even for MERCHANTABILITY or FITNESS FOR A PARTICULAR PURPOSE.

configure:3315: $? = 0
configure:3304: gcc -v >&5
Using built-in specs.
COLLECT_GCC=gcc
COLLECT_LTO_WRAPPER=/usr/libexec/gcc/x86_64-redhat-linux/11/lto-wrapper
OFFLOAD_TARGET_NAMES=nvptx-none
OFFLOAD_TARGET_DEFAULT=1
Target: x86_64-redhat-linux
Configured with: ../configure --enable-bootstrap --enable-host-pie --enable-host-bind-now --enable-languages=c,c++,fortran,lto --prefix=/usr --mandir=/usr/share/man --infodir=/usr/share/info --with-bugurl=http://bugzilla.redhat.com/bugzilla --enable-shared --enable-threads=posix --enable-checking=release --with-system-zlib --enable-__cxa_atexit --disable-libunwind-exceptions --enable-gnu-unique-object --enable-linker-build-id --with-gcc-major-version-only --enable-plugin --enable-initfini-array --without-isl --enable-multilib --with-linker-hash-style=gnu --enable-offload-targets=nvptx-none --without-cuda-driver --enable-gnu-indirect-function --enable-cet --with-tune=generic --with-arch_64=x86-64-v2 --with-arch_32=x86-64 --build=x86_64-redhat-linux --with-build-config=bootstrap-lto --enable-link-serialization=1
Thread model: posix
Supported LTO compression algorithms: zlib zstd
gcc version 11.5.0 20240719 (Red Hat 11.5.0-5) (GCC) 
... rest of stderr output deleted ...
configure:3315: $? = 0
configure:3304: gcc -V >&5
gcc: error: unrecognized command-line option '-V'
gcc: fatal error: no input files
compilation terminated.
configure:3315: $? = 1
configure:3304: gcc -qversion >&5
gcc: error: unrecognized command-line option '-qversion'; did you mean '--version'?
gcc: fatal error: no input files
compilation terminated.
configure:3315: $? = 1
configure:3335: checking whether the C compiler works
configure:3357: gcc  -I/home/dinanbai/.local/lib/python2.7/site-packages/numpy/core/include -L/usr/local/lib conftest.c  >&5
configure:3361: $? = 0
configure:3409: result: yes
configure:3412: checking for C compiler default output file name
configure:3414: result: a.out
configure:3420: checking for suffix of executables
configure:3427: gcc -o conftest  -I/home/dinanbai/.local/lib/python2.7/site-packages/numpy/core/include -L/usr/local/lib conftest.c  >&5
configure:3431: $? = 0
configure:3453: result: 
configure:3475: checking whether we are cross compiling
configure:3483: gcc -o conftest  -I/home/dinanbai/.local/lib/python2.7/site-packages/numpy/core/include -L/usr/local/lib conftest.c  >&5
configure:3487: $? = 0
configure:3494: ./conftest
configure:3498: $? = 0
configure:3513: result: no
configure:3518: checking for suffix of object files
configure:3540: gcc -c  -I/home/dinanbai/.local/lib/python2.7/site-packages/numpy/core/include conftest.c >&5
configure:3544: $? = 0
configure:3565: result: o
configure:3569: checking whether we are using the GNU C compiler
configure:3588: gcc -c  -I/home/dinanbai/.local/lib/python2.7/site-packages/numpy/core/include conftest.c >&5
configure:3588: $? = 0
configure:3597: result: yes
configure:3606: checking whether gcc accepts -g
configure:3626: gcc -c -g -I/home/dinanbai/.local/lib/python2.7/site-packages/numpy/core/include conftest.c >&5
configure:3626: $? = 0
configure:3667: result: yes
configure:3684: checking for gcc option to accept ISO C89
configure:3747: gcc  -c -g -O2 -I/home/dinanbai/.local/lib/python2.7/site-packages/numpy/core/include conftest.c >&5
configure:3747: $? = 0
configure:3760: result: none needed
configure:3785: checking whether gcc understands -c and -o together
configure:3807: gcc -c conftest.c -o conftest2.o
configure:3810: $? = 0
configure:3807: gcc -c conftest.c -o conftest2.o
configure:3810: $? = 0
configure:3822: result: yes
configure:3842: checking whether make supports the include directive
configure:3857: make -f confmf.GNU && cat confinc.out
make[3]: Entering directory '/home/dinanbai/Downloads/wavpy-1.0'
make[3]: Leaving directory '/home/dinanbai/Downloads/wavpy-1.0'
this is the am__doit target
configure:3860: $? = 0
configure:3879: result: yes (GNU style)
configure:3904: checking dependency style of gcc
configure:4015: result: gcc3
configure:4083: checking for gfortran
configure:4099: found /home/linuxbrew/.linuxbrew/bin/gfortran
configure:4110: result: gfortran
configure:4136: checking for Fortran compiler version
configure:4145: gfortran --version >&5
GNU Fortran (Homebrew GCC 14.2.0_1) 14.2.0
Copyright (C) 2024 Free Software Foundation, Inc.
This is free software; see the source for copying conditions.  There is NO
warranty; not even for MERCHANTABILITY or FITNESS FOR A PARTICULAR PURPOSE.

configure:4156: $? = 0
configure:4145: gfortran -v >&5
Reading specs from /home/linuxbrew/.linuxbrew/Cellar/gcc/14.2.0_1/bin/../lib/gcc/current/gcc/x86_64-pc-linux-gnu/14/specs
COLLECT_GCC=gfortran
COLLECT_LTO_WRAPPER=/home/linuxbrew/.linuxbrew/Cellar/gcc/14.2.0_1/bin/../libexec/gcc/x86_64-pc-linux-gnu/14/lto-wrapper
Target: x86_64-pc-linux-gnu
Configured with: ../configure --prefix=/home/linuxbrew/.linuxbrew/opt/gcc --libdir=/home/linuxbrew/.linuxbrew/opt/gcc/lib/gcc/current --disable-nls --enable-checking=release --with-gcc-major-version-only --enable-languages=c,c++,objc,obj-c++,fortran,m2 --program-suffix=-14 --with-gmp=/home/linuxbrew/.linuxbrew/opt/gmp --with-mpfr=/home/linuxbrew/.linuxbrew/opt/mpfr --with-mpc=/home/linuxbrew/.linuxbrew/opt/libmpc --with-isl=/home/linuxbrew/.linuxbrew/opt/isl --with-zstd=/home/linuxbrew/.linuxbrew/opt/zstd --with-pkgversion='Homebrew GCC 14.2.0_1' --with-bugurl=https://github.com/Homebrew/homebrew-core/issues --with-system-zlib --with-boot-ldflags='-static-libstdc++ -static-libgcc ' --disable-multilib --enable-default-pie
Thread model: posix
Supported LTO compression algorithms: zlib zstd
gcc version 14.2.0 (Homebrew GCC 14.2.0_1) 
configure:4156: $? = 0
configure:4145: gfortran -V >&5
gfortran: error: unrecognized command-line option '-V'
gfortran: fatal error: no input files
compilation terminated.
configure:4156: $? = 1
configure:4145: gfortran -qversion >&5
gfortran: error: unrecognized command-line option '-qversion'; did you mean '--version'?
gfortran: fatal error: no input files
compilation terminated.
configure:4156: $? = 1
configure:4165: checking whether we are using the GNU Fortran compiler
configure:4178: gfortran -c   conftest.F >&5
configure:4178: $? = 0
configure:4187: result: yes
configure:4193: checking whether gfortran accepts -g
configure:4204: gfortran -c -g  conftest.f >&5
configure:4204: $? = 0
configure:4212: result: yes
configure:4299: checking for g++
configure:4315: found /bin/g++
configure:4326: result: g++
configure:4353: checking for C++ compiler version
configure:4362: g++ --version >&5
g++ (GCC) 11.5.0 20240719 (Red Hat 11.5.0-5)
Copyright (C) 2021 Free Software Foundation, Inc.
This is free software; see the source for copying conditions.  There is NO
warranty; not even for MERCHANTABILITY or FITNESS FOR A PARTICULAR PURPOSE.

configure:4373: $? = 0
configure:4362: g++ -v >&5
Using built-in specs.
COLLECT_GCC=g++
COLLECT_LTO_WRAPPER=/usr/libexec/gcc/x86_64-redhat-linux/11/lto-wrapper
OFFLOAD_TARGET_NAMES=nvptx-none
OFFLOAD_TARGET_DEFAULT=1
Target: x86_64-redhat-linux
Configured with: ../configure --enable-bootstrap --enable-host-pie --enable-host-bind-now --enable-languages=c,c++,fortran,lto --prefix=/usr --mandir=/usr/share/man --infodir=/usr/share/info --with-bugurl=http://bugzilla.redhat.com/bugzilla --enable-shared --enable-threads=posix --enable-checking=release --with-system-zlib --enable-__cxa_atexit --disable-libunwind-exceptions --enable-gnu-unique-object --enable-linker-build-id --with-gcc-major-version-only --enable-plugin --enable-initfini-array --without-isl --enable-multilib --with-linker-hash-style=gnu --enable-offload-targets=nvptx-none --without-cuda-driver --enable-gnu-indirect-function --enable-cet --with-tune=generic --with-arch_64=x86-64-v2 --with-arch_32=x86-64 --build=x86_64-redhat-linux --with-build-config=bootstrap-lto --enable-link-serialization=1
Thread model: posix
Supported LTO compression algorithms: zlib zstd
gcc version 11.5.0 20240719 (Red Hat 11.5.0-5) (GCC) 
... rest of stderr output deleted ...
configure:4373: $? = 0
configure:4362: g++ -V >&5
g++: error: unrecognized command-line option '-V'
g++: fatal error: no input files
compilation terminated.
configure:4373: $? = 1
configure:4362: g++ -qversion >&5
g++: error: unrecognized command-line option '-qversion'; did you mean '--version'?
g++: fatal error: no input files
compilation terminated.
configure:4373: $? = 1
configure:4377: checking whether we are using the GNU C++ compiler
configure:4396: g++ -c  -I/home/dinanbai/.local/lib/python2.7/site-packages/numpy/core/include conftest.cpp >&5
configure:4396: $? = 0
configure:4405: result: yes
configure:4414: checking whether g++ accepts -g
configure:4434: g++ -c -g -I/home/dinanbai/.local/lib/python2.7/site-packages/numpy/core/include conftest.cpp >&5
configure:4434: $? = 0
configure:4475: result: yes
configure:4500: checking dependency style of g++
configure:4611: result: gcc3
configure:4655: checking build system type
configure:4669: result: x86_64-pc-linux-gnu
configure:4689: checking host system type
configure:4702: result: x86_64-pc-linux-gnu
configure:4743: checking how to print strings
configure:4770: result: printf
configure:4791: checking for a sed that does not truncate output
configure:4855: result: /bin/sed
configure:4873: checking for grep that handles long lines and -e
configure:4931: result: /bin/grep
configure:4936: checking for egrep
configure:4998: result: /bin/grep -E
configure:5003: checking for fgrep
configure:5065: result: /bin/grep -F
configure:5100: checking for ld used by gcc
configure:5167: result: /bin/ld
configure:5174: checking if the linker (/bin/ld) is GNU ld
configure:5189: result: yes
configure:5201: checking for BSD- or MS-compatible name lister (nm)
configure:5255: result: /bin/nm -B
configure:5385: checking the name lister (/bin/nm -B) interface
configure:5392: gcc -c -g -O2 -I/home/dinanbai/.local/lib/python2.7/site-packages/numpy/core/include conftest.c >&5
configure:5395: /bin/nm -B "conftest.o"
configure:5398: output
0000000000000000 B some_variable
configure:5405: result: BSD nm
configure:5408: checking whether ln -s works
configure:5412: result: yes
configure:5420: checking the maximum length of command line arguments
configure:5551: result: 1572864
configure:5599: checking how to convert x86_64-pc-linux-gnu file names to x86_64-pc-linux-gnu format
configure:5639: result: func_convert_file_noop
configure:5646: checking how to convert x86_64-pc-linux-gnu file names to toolchain format
configure:5666: result: func_convert_file_noop
configure:5673: checking for /bin/ld option to reload object files
configure:5680: result: -r
configure:5754: checking for objdump
configure:5770: found /bin/objdump
configure:5781: result: objdump
configure:5813: checking how to recognize dependent libraries
configure:6013: result: pass_all
configure:6098: checking for dlltool
configure:6128: result: no
configure:6158: checking how to associate runtime and link libraries
configure:6185: result: printf %s\n
configure:6246: checking for ar
configure:6262: found /bin/ar
configure:6273: result: ar
configure:6310: checking for archiver @FILE support
configure:6327: gcc -c -g -O2 -I/home/dinanbai/.local/lib/python2.7/site-packages/numpy/core/include conftest.c >&5
configure:6327: $? = 0
configure:6330: ar cru libconftest.a @conftest.lst >&5
configure:6333: $? = 0
configure:6338: ar cru libconftest.a @conftest.lst >&5
ar: conftest.o: No such file or directory
configure:6341: $? = 1
configure:6353: result: @
configure:6411: checking for strip
configure:6427: found /bin/strip
configure:6438: result: strip
configure:6510: checking for ranlib
configure:6526: found /bin/ranlib
configure:6537: result: ranlib
configure:6639: checking command to parse /bin/nm -B output from gcc object
configure:6792: gcc -c -g -O2 -I/home/dinanbai/.local/lib/python2.7/site-packages/numpy/core/include conftest.c >&5
configure:6795: $? = 0
configure:6799: /bin/nm -B conftest.o \| sed -n -e 's/^.*[ ]\([ABCDGIRSTW][ABCDGIRSTW]*\)[ ][ ]*\([_A-Za-z][_A-Za-z0-9]*\)$/\1 \2 \2/p' | sed '/ __gnu_lto/d' \> conftest.nm
configure:6802: $? = 0
configure:6868: gcc -o conftest -g -O2 -I/home/dinanbai/.local/lib/python2.7/site-packages/numpy/core/include -L/usr/local/lib conftest.c conftstm.o >&5
configure:6871: $? = 0
configure:6909: result: ok
configure:6956: checking for sysroot
configure:6986: result: no
configure:6993: checking for a working dd
configure:7031: result: /bin/dd
configure:7035: checking how to truncate binary pipes
configure:7050: result: /bin/dd bs=4096 count=1
configure:7186: gcc -c -g -O2 -I/home/dinanbai/.local/lib/python2.7/site-packages/numpy/core/include conftest.c >&5
configure:7189: $? = 0
configure:7379: checking for mt
configure:7409: result: no
configure:7429: checking if : is a manifest tool
configure:7435: : '-?'
configure:7443: result: no
configure:8120: checking how to run the C preprocessor
configure:8151: gcc -E -I/home/dinanbai/.local/lib/python2.7/site-packages/numpy/core/include conftest.c
configure:8151: $? = 0
configure:8165: gcc -E -I/home/dinanbai/.local/lib/python2.7/site-packages/numpy/core/include conftest.c
conftest.c:11:10: fatal error: ac_nonexistent.h: No such file or directory
   11 | #include <ac_nonexistent.h>
      |          ^~~~~~~~~~~~~~~~~~
compilation terminated.
configure:8165: $? = 1
configure: failed program was:
| /* confdefs.h */
| #define PACKAGE_NAME "waveform_pylib"
| #define PACKAGE_TARNAME "waveform_pylib"
| #define PACKAGE_VERSION "1.0"
| #define PACKAGE_STRING "waveform_pylib 1.0"
| #define PACKAGE_BUGREPORT ""
| #define PACKAGE_URL ""
| #define PACKAGE "waveform_pylib"
| #define VERSION "1.0"
| /* end confdefs.h.  */
| #include <ac_nonexistent.h>
configure:8190: result: gcc -E
configure:8210: gcc -E -I/home/dinanbai/.local/lib/python2.7/site-packages/numpy/core/include conftest.c
configure:8210: $? = 0
configure:8224: gcc -E -I/home/dinanbai/.local/lib/python2.7/site-packages/numpy/core/include conftest.c
conftest.c:11:10: fatal error: ac_nonexistent.h: No such file or directory
   11 | #include <ac_nonexistent.h>
      |          ^~~~~~~~~~~~~~~~~~
compilation terminated.
configure:8224: $? = 1
configure: failed program was:
| /* confdefs.h */
| #define PACKAGE_NAME "waveform_pylib"
| #define PACKAGE_TARNAME "waveform_pylib"
| #define PACKAGE_VERSION "1.0"
| #define PACKAGE_STRING "waveform_pylib 1.0"
| #define PACKAGE_BUGREPORT ""
| #define PACKAGE_URL ""
| #define PACKAGE "waveform_pylib"
| #define VERSION "1.0"
| /* end confdefs.h.  */
| #include <ac_nonexistent.h>
configure:8253: checking for ANSI C header files
configure:8273: gcc -c -g -O2 -I/home/dinanbai/.local/lib/python2.7/site-packages/numpy/core/include conftest.c >&5
configure:8273: $? = 0
configure:8346: gcc -o conftest -g -O2 -I/home/dinanbai/.local/lib/python2.7/site-packages/numpy/core/include -L/usr/local/lib conftest.c  >&5
configure:8346: $? = 0
configure:8346: ./conftest
configure:8346: $? = 0
configure:8357: result: yes
configure:8370: checking for sys/types.h
configure:8370: gcc -c -g -O2 -I/home/dinanbai/.local/lib/python2.7/site-packages/numpy/core/include conftest.c >&5
configure:8370: $? = 0
configure:8370: result: yes
configure:8370: checking for sys/stat.h
configure:8370: gcc -c -g -O2 -I/home/dinanbai/.local/lib/python2.7/site-packages/numpy/core/include conftest.c >&5
configure:8370: $? = 0
configure:8370: result: yes
configure:8370: checking for stdlib.h
configure:8370: gcc -c -g -O2 -I/home/dinanbai/.local/lib/python2.7/site-packages/numpy/core/include conftest.c >&5
configure:8370: $? = 0
configure:8370: result: yes
configure:8370: checking for string.h
configure:8370: gcc -c -g -O2 -I/home/dinanbai/.local/lib/python2.7/site-packages/numpy/core/include conftest.c >&5
configure:8370: $? = 0
configure:8370: result: yes
configure:8370: checking for memory.h
configure:8370: gcc -c -g -O2 -I/home/dinanbai/.local/lib/python2.7/site-packages/numpy/core/include conftest.c >&5
configure:8370: $? = 0
configure:8370: result: yes
configure:8370: checking for strings.h
configure:8370: gcc -c -g -O2 -I/home/dinanbai/.local/lib/python2.7/site-packages/numpy/core/include conftest.c >&5
configure:8370: $? = 0
configure:8370: result: yes
configure:8370: checking for inttypes.h
configure:8370: gcc -c -g -O2 -I/home/dinanbai/.local/lib/python2.7/site-packages/numpy/core/include conftest.c >&5
configure:8370: $? = 0
configure:8370: result: yes
configure:8370: checking for stdint.h
configure:8370: gcc -c -g -O2 -I/home/dinanbai/.local/lib/python2.7/site-packages/numpy/core/include conftest.c >&5
configure:8370: $? = 0
configure:8370: result: yes
configure:8370: checking for unistd.h
configure:8370: gcc -c -g -O2 -I/home/dinanbai/.local/lib/python2.7/site-packages/numpy/core/include conftest.c >&5
configure:8370: $? = 0
configure:8370: result: yes
configure:8384: checking for dlfcn.h
configure:8384: gcc -c -g -O2 -I/home/dinanbai/.local/lib/python2.7/site-packages/numpy/core/include conftest.c >&5
configure:8384: $? = 0
configure:8384: result: yes
configure:8652: checking for objdir
configure:8667: result: .libs
configure:8931: checking if gcc supports -fno-rtti -fno-exceptions
configure:8949: gcc -c -g -O2 -I/home/dinanbai/.local/lib/python2.7/site-packages/numpy/core/include -fno-rtti -fno-exceptions conftest.c >&5
cc1: warning: command-line option '-fno-rtti' is valid for C++/D/ObjC++ but not for C
configure:8953: $? = 0
configure:8966: result: no
configure:9324: checking for gcc option to produce PIC
configure:9331: result: -fPIC -DPIC
configure:9339: checking if gcc PIC flag -fPIC -DPIC works
configure:9357: gcc -c -g -O2 -I/home/dinanbai/.local/lib/python2.7/site-packages/numpy/core/include -fPIC -DPIC -DPIC conftest.c >&5
configure:9361: $? = 0
configure:9374: result: yes
configure:9403: checking if gcc static flag -static works
configure:9431: result: no
configure:9446: checking if gcc supports -c -o file.o
configure:9467: gcc -c -g -O2 -I/home/dinanbai/.local/lib/python2.7/site-packages/numpy/core/include -o out/conftest2.o conftest.c >&5
configure:9471: $? = 0
configure:9493: result: yes
configure:9501: checking if gcc supports -c -o file.o
configure:9548: result: yes
configure:9581: checking whether the gcc linker (/bin/ld -m elf_x86_64) supports shared libraries
configure:10840: result: yes
configure:10877: checking whether -lc should be explicitly linked in
configure:10885: gcc -c -g -O2 -I/home/dinanbai/.local/lib/python2.7/site-packages/numpy/core/include conftest.c >&5
configure:10888: $? = 0
configure:10903: gcc -shared  -fPIC -DPIC conftest.o  -v -Wl,-soname -Wl,conftest -o conftest 2\>\&1 \| /bin/grep  -lc  \>/dev/null 2\>\&1
configure:10906: $? = 0
configure:10920: result: no
configure:11080: checking dynamic linker characteristics
configure:11661: gcc -o conftest -g -O2 -I/home/dinanbai/.local/lib/python2.7/site-packages/numpy/core/include -L/usr/local/lib -Wl,-rpath -Wl,/foo conftest.c  >&5
configure:11661: $? = 0
configure:11901: result: GNU/Linux ld.so
configure:12023: checking how to hardcode library paths into programs
configure:12048: result: immediate
configure:12596: checking whether stripping libraries is possible
configure:12601: result: yes
configure:12636: checking if libtool supports shared libraries
configure:12638: result: yes
configure:12641: checking whether to build shared libraries
configure:12666: result: yes
configure:12669: checking whether to build static libraries
configure:12673: result: yes
configure:12696: checking how to run the C++ preprocessor
configure:12723: g++ -E -I/home/dinanbai/.local/lib/python2.7/site-packages/numpy/core/include conftest.cpp
configure:12723: $? = 0
configure:12737: g++ -E -I/home/dinanbai/.local/lib/python2.7/site-packages/numpy/core/include conftest.cpp
conftest.cpp:23:10: fatal error: ac_nonexistent.h: No such file or directory
   23 | #include <ac_nonexistent.h>
      |          ^~~~~~~~~~~~~~~~~~
compilation terminated.
configure:12737: $? = 1
configure: failed program was:
| /* confdefs.h */
| #define PACKAGE_NAME "waveform_pylib"
| #define PACKAGE_TARNAME "waveform_pylib"
| #define PACKAGE_VERSION "1.0"
| #define PACKAGE_STRING "waveform_pylib 1.0"
| #define PACKAGE_BUGREPORT ""
| #define PACKAGE_URL ""
| #define PACKAGE "waveform_pylib"
| #define VERSION "1.0"
| #define STDC_HEADERS 1
| #define HAVE_SYS_TYPES_H 1
| #define HAVE_SYS_STAT_H 1
| #define HAVE_STDLIB_H 1
| #define HAVE_STRING_H 1
| #define HAVE_MEMORY_H 1
| #define HAVE_STRINGS_H 1
| #define HAVE_INTTYPES_H 1
| #define HAVE_STDINT_H 1
| #define HAVE_UNISTD_H 1
| #define HAVE_DLFCN_H 1
| #define LT_OBJDIR ".libs/"
| /* end confdefs.h.  */
| #include <ac_nonexistent.h>
configure:12762: result: g++ -E
configure:12782: g++ -E -I/home/dinanbai/.local/lib/python2.7/site-packages/numpy/core/include conftest.cpp
configure:12782: $? = 0
configure:12796: g++ -E -I/home/dinanbai/.local/lib/python2.7/site-packages/numpy/core/include conftest.cpp
conftest.cpp:23:10: fatal error: ac_nonexistent.h: No such file or directory
   23 | #include <ac_nonexistent.h>
      |          ^~~~~~~~~~~~~~~~~~
compilation terminated.
configure:12796: $? = 1
configure: failed program was:
| /* confdefs.h */
| #define PACKAGE_NAME "waveform_pylib"
| #define PACKAGE_TARNAME "waveform_pylib"
| #define PACKAGE_VERSION "1.0"
| #define PACKAGE_STRING "waveform_pylib 1.0"
| #define PACKAGE_BUGREPORT ""
| #define PACKAGE_URL ""
| #define PACKAGE "waveform_pylib"
| #define VERSION "1.0"
| #define STDC_HEADERS 1
| #define HAVE_SYS_TYPES_H 1
| #define HAVE_SYS_STAT_H 1
| #define HAVE_STDLIB_H 1
| #define HAVE_STRING_H 1
| #define HAVE_MEMORY_H 1
| #define HAVE_STRINGS_H 1
| #define HAVE_INTTYPES_H 1
| #define HAVE_STDINT_H 1
| #define HAVE_UNISTD_H 1
| #define HAVE_DLFCN_H 1
| #define LT_OBJDIR ".libs/"
| /* end confdefs.h.  */
| #include <ac_nonexistent.h>
configure:12958: checking for ld used by g++
configure:13025: result: /bin/ld -m elf_x86_64
configure:13032: checking if the linker (/bin/ld -m elf_x86_64) is GNU ld
configure:13047: result: yes
configure:13102: checking whether the g++ linker (/bin/ld -m elf_x86_64) supports shared libraries
configure:14175: result: yes
configure:14211: g++ -c -g -O2 -I/home/dinanbai/.local/lib/python2.7/site-packages/numpy/core/include conftest.cpp >&5
configure:14214: $? = 0
configure:14695: checking for g++ option to produce PIC
configure:14702: result: -fPIC -DPIC
configure:14710: checking if g++ PIC flag -fPIC -DPIC works
configure:14728: g++ -c -g -O2 -I/home/dinanbai/.local/lib/python2.7/site-packages/numpy/core/include -fPIC -DPIC -DPIC conftest.cpp >&5
configure:14732: $? = 0
configure:14745: result: yes
configure:14768: checking if g++ static flag -static works
configure:14796: result: no
configure:14808: checking if g++ supports -c -o file.o
configure:14829: g++ -c -g -O2 -I/home/dinanbai/.local/lib/python2.7/site-packages/numpy/core/include -o out/conftest2.o conftest.cpp >&5
configure:14833: $? = 0
configure:14855: result: yes
configure:14860: checking if g++ supports -c -o file.o
configure:14907: result: yes
configure:14937: checking whether the g++ linker (/bin/ld -m elf_x86_64) supports shared libraries
configure:14977: result: yes
configure:15118: checking dynamic linker characteristics
configure:15866: result: GNU/Linux ld.so
configure:15931: checking how to hardcode library paths into programs
configure:15956: result: immediate
configure:16102: checking if libtool supports shared libraries
configure:16104: result: yes
configure:16107: checking whether to build shared libraries
configure:16131: result: yes
configure:16134: checking whether to build static libraries
configure:16138: result: yes
configure:16172: gfortran -c -g -O2  conftest.f >&5
configure:16175: $? = 0
configure:16635: checking for gfortran option to produce PIC
configure:16642: result: -fPIC
configure:16650: checking if gfortran PIC flag -fPIC works
configure:16668: gfortran -c -g -O2 -fPIC  conftest.f >&5
configure:16672: $? = 0
configure:16685: result: yes
configure:16708: checking if gfortran static flag -static works
configure:16736: result: yes
configure:16748: checking if gfortran supports -c -o file.o
configure:16769: gfortran -c -g -O2 -o out/conftest2.o  conftest.f >&5
configure:16773: $? = 0
configure:16795: result: yes
configure:16800: checking if gfortran supports -c -o file.o
configure:16847: result: yes
configure:16877: checking whether the gfortran linker (/bin/ld -m elf_x86_64) supports shared libraries
configure:18086: result: yes
configure:18227: checking dynamic linker characteristics
configure:18969: result: GNU/Linux ld.so
configure:19034: checking how to hardcode library paths into programs
configure:19059: result: immediate
configure:19148: checking whether /usr/local/bin/python2.7 version is >= 2.7
configure:19159: /usr/local/bin/python2.7 -c import sys # split strings by '.' and convert to numeric. Append some zeros # because we need at least 4 digits for the hex conversion. # map returns an iterator in Python 3.0 and a list in 2.x minver = list(map(int, '2.7'.split('.'))) + [0, 0, 0] minverhex = 0 # xrange is not present in Python 3.0 and range returns an iterator for i in list(range(0, 4)): minverhex = (minverhex << 8) + minver[i] sys.exit(sys.hexversion < minverhex)
configure:19162: $? = 0
configure:19164: result: yes
configure:19257: checking for /usr/local/bin/python2.7 version
configure:19264: result: 2.7
configure:19276: checking for /usr/local/bin/python2.7 platform
configure:19283: result: linux2
configure:19309: checking for /usr/local/bin/python2.7 script directory
configure:19344: result: ${prefix}/lib/python2.7/site-packages
configure:19353: checking for /usr/local/bin/python2.7 extension module directory
configure:19388: result: ${exec_prefix}/lib/python2.7/site-packages
configure:19404: checking for swig
configure:19422: found /bin/swig
configure:19434: result: /bin/swig
configure:19519: checking for python2.7
configure:19549: result: /usr/local/bin/python2.7
configure:19565: checking for a version of Python >= '2.1.0'
configure:19591: result: yes
configure:19622: checking for the distutils Python package
configure:19626: result: yes
configure:19640: checking for Python include path
configure:19650: result: -I/usr/local/include/python2.7
configure:19657: checking for Python library path
configure:19679: result: -L/usr/local/lib/python2.7 -lpython2.7
configure:19686: checking for Python site-packages path
configure:19692: result: /usr/local/lib/python2.7/site-packages
configure:19699: checking python extra libraries
configure:19706: result:  -ldl
configure:19713: checking python extra linking flags
configure:19720: result: -Xlinker -export-dynamic
configure:19727: checking consistency of all components of python development environment
configure:19753: gcc -o conftest -g -O2  -I/usr/local/include/python2.7 -L/usr/local/lib conftest.c  -L/usr/local/lib/python2.7 -lpython2.7 >&5
configure:19753: $? = 0
configure:19761: result: yes
configure:19914: checking that generated files are newer than configure
configure:19920: result: done
configure:19947: creating ./config.status

## ---------------- ##
## Cache variables. ##
## ---------------- ##

ac_cv_build=x86_64-pc-linux-gnu
ac_cv_c_compiler_gnu=yes
ac_cv_cxx_compiler_gnu=yes
ac_cv_env_CCC_set=
ac_cv_env_CCC_value=
ac_cv_env_CC_set=
ac_cv_env_CC_value=
ac_cv_env_CFLAGS_set=
ac_cv_env_CFLAGS_value=
ac_cv_env_CPPFLAGS_set=set
ac_cv_env_CPPFLAGS_value=-I/home/dinanbai/.local/lib/python2.7/site-packages/numpy/core/include
ac_cv_env_CPP_set=
ac_cv_env_CPP_value=
ac_cv_env_CXXCPP_set=
ac_cv_env_CXXCPP_value=
ac_cv_env_CXXFLAGS_set=
ac_cv_env_CXXFLAGS_value=
ac_cv_env_CXX_set=
ac_cv_env_CXX_value=
ac_cv_env_FCFLAGS_set=
ac_cv_env_FCFLAGS_value=
ac_cv_env_FC_set=
ac_cv_env_FC_value=
ac_cv_env_LDFLAGS_set=set
ac_cv_env_LDFLAGS_value=-L/usr/local/lib
ac_cv_env_LIBS_set=
ac_cv_env_LIBS_value=
ac_cv_env_LT_SYS_LIBRARY_PATH_set=
ac_cv_env_LT_SYS_LIBRARY_PATH_value=
ac_cv_env_PYTHON_VERSION_set=
ac_cv_env_PYTHON_VERSION_value=
ac_cv_env_PYTHON_set=set
ac_cv_env_PYTHON_value=/usr/local/bin/python2.7
ac_cv_env_build_alias_set=
ac_cv_env_build_alias_value=
ac_cv_env_host_alias_set=
ac_cv_env_host_alias_value=
ac_cv_env_target_alias_set=
ac_cv_env_target_alias_value=
ac_cv_fc_compiler_gnu=yes
ac_cv_header_dlfcn_h=yes
ac_cv_header_inttypes_h=yes
ac_cv_header_memory_h=yes
ac_cv_header_stdc=yes
ac_cv_header_stdint_h=yes
ac_cv_header_stdlib_h=yes
ac_cv_header_string_h=yes
ac_cv_header_strings_h=yes
ac_cv_header_sys_stat_h=yes
ac_cv_header_sys_types_h=yes
ac_cv_header_unistd_h=yes
ac_cv_host=x86_64-pc-linux-gnu
ac_cv_objext=o
ac_cv_path_EGREP='/bin/grep -E'
ac_cv_path_FGREP='/bin/grep -F'
ac_cv_path_GREP=/bin/grep
ac_cv_path_PYTHON=/usr/local/bin/python2.7
ac_cv_path_SED=/bin/sed
ac_cv_path_SWIG=/bin/swig
ac_cv_path_install='/bin/install -c'
ac_cv_path_lt_DD=/bin/dd
ac_cv_path_mkdir=/bin/mkdir
ac_cv_prog_AWK=gawk
ac_cv_prog_CPP='gcc -E'
ac_cv_prog_CXXCPP='g++ -E'
ac_cv_prog_ac_ct_AR=ar
ac_cv_prog_ac_ct_CC=gcc
ac_cv_prog_ac_ct_CXX=g++
ac_cv_prog_ac_ct_FC=gfortran
ac_cv_prog_ac_ct_OBJDUMP=objdump
ac_cv_prog_ac_ct_RANLIB=ranlib
ac_cv_prog_ac_ct_STRIP=strip
ac_cv_prog_cc_c89=
ac_cv_prog_cc_g=yes
ac_cv_prog_cxx_g=yes
ac_cv_prog_fc_g=yes
ac_cv_prog_make_make_set=yes
am_cv_CC_dependencies_compiler_type=gcc3
am_cv_CXX_dependencies_compiler_type=gcc3
am_cv_make_support_nested_variables=yes
am_cv_prog_cc_c_o=yes
am_cv_python_platform=linux2
am_cv_python_pyexecdir='${exec_prefix}/lib/python2.7/site-packages'
am_cv_python_pythondir='${prefix}/lib/python2.7/site-packages'
am_cv_python_version=2.7
lt_cv_ar_at_file=@
lt_cv_archive_cmds_need_lc=no
lt_cv_deplibs_check_method=pass_all
lt_cv_file_magic_cmd='$MAGIC_CMD'
lt_cv_file_magic_test_file=
lt_cv_ld_reload_flag=-r
lt_cv_nm_interface='BSD nm'
lt_cv_objdir=.libs
lt_cv_path_LD=/bin/ld
lt_cv_path_LDCXX='/bin/ld -m elf_x86_64'
lt_cv_path_NM='/bin/nm -B'
lt_cv_path_mainfest_tool=no
lt_cv_prog_compiler_c_o=yes
lt_cv_prog_compiler_c_o_CXX=yes
lt_cv_prog_compiler_c_o_FC=yes
lt_cv_prog_compiler_pic='-fPIC -DPIC'
lt_cv_prog_compiler_pic_CXX='-fPIC -DPIC'
lt_cv_prog_compiler_pic_FC=-fPIC
lt_cv_prog_compiler_pic_works=yes
lt_cv_prog_compiler_pic_works_CXX=yes
lt_cv_prog_compiler_pic_works_FC=yes
lt_cv_prog_compiler_rtti_exceptions=no
lt_cv_prog_compiler_static_works=no
lt_cv_prog_compiler_static_works_CXX=no
lt_cv_prog_compiler_static_works_FC=yes
lt_cv_prog_gnu_ld=yes
lt_cv_prog_gnu_ldcxx=yes
lt_cv_sharedlib_from_linklib_cmd='printf %s\n'
lt_cv_shlibpath_overrides_runpath=no
lt_cv_sys_global_symbol_pipe='sed -n -e '\''s/^.*[	 ]\([ABCDGIRSTW][ABCDGIRSTW]*\)[	 ][	 ]*\([_A-Za-z][_A-Za-z0-9]*\)$/\1 \2 \2/p'\'' | sed '\''/ __gnu_lto/d'\'''
lt_cv_sys_global_symbol_to_c_name_address='sed -n -e '\''s/^: \(.*\) .*$/  {"\1", (void *) 0},/p'\'' -e '\''s/^[ABCDGIRSTW][ABCDGIRSTW]* .* \(.*\)$/  {"\1", (void *) \&\1},/p'\'''
lt_cv_sys_global_symbol_to_c_name_address_lib_prefix='sed -n -e '\''s/^: \(.*\) .*$/  {"\1", (void *) 0},/p'\'' -e '\''s/^[ABCDGIRSTW][ABCDGIRSTW]* .* \(lib.*\)$/  {"\1", (void *) \&\1},/p'\'' -e '\''s/^[ABCDGIRSTW][ABCDGIRSTW]* .* \(.*\)$/  {"lib\1", (void *) \&\1},/p'\'''
lt_cv_sys_global_symbol_to_cdecl='sed -n -e '\''s/^T .* \(.*\)$/extern int \1();/p'\'' -e '\''s/^[ABCDGIRSTW][ABCDGIRSTW]* .* \(.*\)$/extern char \1;/p'\'''
lt_cv_sys_global_symbol_to_import=
lt_cv_sys_max_cmd_len=1572864
lt_cv_to_host_file_cmd=func_convert_file_noop
lt_cv_to_tool_file_cmd=func_convert_file_noop
lt_cv_truncate_bin='/bin/dd bs=4096 count=1'

## ----------------- ##
## Output variables. ##
## ----------------- ##

ACLOCAL='${SHELL} /home/dinanbai/Downloads/wavpy-1.0/missing aclocal-1.16'
AMDEPBACKSLASH='\'
AMDEP_FALSE='#'
AMDEP_TRUE=''
AMTAR='$${TAR-tar}'
AM_BACKSLASH='\'
AM_DEFAULT_V='$(AM_DEFAULT_VERBOSITY)'
AM_DEFAULT_VERBOSITY='1'
AM_V='$(V)'
AR='ar'
AUTOCONF='${SHELL} /home/dinanbai/Downloads/wavpy-1.0/missing autoconf'
AUTOHEADER='${SHELL} /home/dinanbai/Downloads/wavpy-1.0/missing autoheader'
AUTOMAKE='${SHELL} /home/dinanbai/Downloads/wavpy-1.0/missing automake-1.16'
AWK='gawk'
CC='gcc'
CCDEPMODE='depmode=gcc3'
CFLAGS='-g -O2'
CPP='gcc -E'
CPPFLAGS=''
CXX='g++'
CXXCPP='g++ -E'
CXXDEPMODE='depmode=gcc3'
CXXFLAGS='-g -O2'
CYGPATH_W='echo'
DEFS='-DHAVE_CONFIG_H'
DEPDIR='.deps'
DLLTOOL='false'
DSYMUTIL=''
DUMPBIN=''
ECHO_C=''
ECHO_N='-n'
ECHO_T=''
EGREP='/bin/grep -E'
EXEEXT=''
FC='gfortran'
FCFLAGS='-g -O2'
FGREP='/bin/grep -F'
GREP='/bin/grep'
INSTALL_DATA='${INSTALL} -m 644'
INSTALL_PROGRAM='${INSTALL}'
INSTALL_SCRIPT='${INSTALL}'
INSTALL_STRIP_PROGRAM='$(install_sh) -c -s'
LD='/bin/ld -m elf_x86_64'
LDFLAGS='-L/usr/local/lib'
LIBOBJS=''
LIBS=''
LIBTOOL='$(SHELL) $(top_builddir)/libtool'
LIPO=''
LN_S='ln -s'
LTLIBOBJS=''
LT_SYS_LIBRARY_PATH=''
MAKEINFO='${SHELL} /home/dinanbai/Downloads/wavpy-1.0/missing makeinfo'
MANIFEST_TOOL=':'
MKDIR_P='/bin/mkdir -p'
NM='/bin/nm -B'
NMEDIT=''
OBJDUMP='objdump'
OBJEXT='o'
OTOOL64=''
OTOOL=''
PACKAGE='waveform_pylib'
PACKAGE_BUGREPORT=''
PACKAGE_NAME='waveform_pylib'
PACKAGE_STRING='waveform_pylib 1.0'
PACKAGE_TARNAME='waveform_pylib'
PACKAGE_URL=''
PACKAGE_VERSION='1.0'
PATH_SEPARATOR=':'
PYTHON='/usr/local/bin/python2.7'
PYTHON_CPPFLAGS='-I/usr/local/include/python2.7'
PYTHON_EXEC_PREFIX='${exec_prefix}'
PYTHON_EXTRA_LDFLAGS='-Xlinker -export-dynamic'
PYTHON_EXTRA_LIBS=' -ldl'
PYTHON_LDFLAGS='-L/usr/local/lib/python2.7 -lpython2.7'
PYTHON_PLATFORM='linux2'
PYTHON_PREFIX='${prefix}'
PYTHON_SITE_PKG='/usr/local/lib/python2.7/site-packages'
PYTHON_VERSION='2.7'
RANLIB='ranlib'
SED='/bin/sed'
SET_MAKE=''
SHELL='/bin/sh'
STRIP='strip'
SWIG='/bin/swig -c++'
SWIG_LIB=''
SWIG_PYTHON_CPPFLAGS='-I/usr/local/include/python2.7'
SWIG_PYTHON_OPT='-python'
VERSION='1.0'
ac_ct_AR='ar'
ac_ct_CC='gcc'
ac_ct_CXX='g++'
ac_ct_DUMPBIN=''
ac_ct_FC='gfortran'
am__EXEEXT_FALSE=''
am__EXEEXT_TRUE='#'
am__fastdepCC_FALSE='#'
am__fastdepCC_TRUE=''
am__fastdepCXX_FALSE='#'
am__fastdepCXX_TRUE=''
am__include='include'
am__isrc=''
am__leading_dot='.'
am__nodep='_no'
am__quote=''
am__tar='$${TAR-tar} chof - "$$tardir"'
am__untar='$${TAR-tar} xf -'
bindir='${exec_prefix}/bin'
build='x86_64-pc-linux-gnu'
build_alias=''
build_cpu='x86_64'
build_os='linux-gnu'
build_vendor='pc'
datadir='${datarootdir}'
datarootdir='${prefix}/share'
docdir='${datarootdir}/doc/${PACKAGE_TARNAME}'
dvidir='${docdir}'
exec_prefix='${prefix}'
host='x86_64-pc-linux-gnu'
host_alias=''
host_cpu='x86_64'
host_os='linux-gnu'
host_vendor='pc'
htmldir='${docdir}'
includedir='${prefix}/include'
infodir='${datarootdir}/info'
install_sh='${SHELL} /home/dinanbai/Downloads/wavpy-1.0/install-sh'
libdir='${exec_prefix}/lib'
libexecdir='${exec_prefix}/libexec'
localedir='${datarootdir}/locale'
localstatedir='${prefix}/var'
mandir='${datarootdir}/man'
mkdir_p='$(MKDIR_P)'
oldincludedir='/usr/include'
pdfdir='${docdir}'
pkgpyexecdir='${pyexecdir}/waveform_pylib'
pkgpythondir='${pythondir}/waveform_pylib'
prefix='/usr/local'
program_transform_name='s,x,x,'
psdir='${docdir}'
pyexecdir='${exec_prefix}/lib/python2.7/site-packages'
pythondir='${prefix}/lib/python2.7/site-packages'
runstatedir='${localstatedir}/run'
sbindir='${exec_prefix}/sbin'
sharedstatedir='${prefix}/com'
sysconfdir='${prefix}/etc'
target_alias=''

## ----------- ##
## confdefs.h. ##
## ----------- ##

/* confdefs.h */
#define PACKAGE_NAME "waveform_pylib"
#define PACKAGE_TARNAME "waveform_pylib"
#define PACKAGE_VERSION "1.0"
#define PACKAGE_STRING "waveform_pylib 1.0"
#define PACKAGE_BUGREPORT ""
#define PACKAGE_URL ""
#define PACKAGE "waveform_pylib"
#define VERSION "1.0"
#define STDC_HEADERS 1
#define HAVE_SYS_TYPES_H 1
#define HAVE_SYS_STAT_H 1
#define HAVE_STDLIB_H 1
#define HAVE_STRING_H 1
#define HAVE_MEMORY_H 1
#define HAVE_STRINGS_H 1
#define HAVE_INTTYPES_H 1
#define HAVE_STDINT_H 1
#define HAVE_UNISTD_H 1
#define HAVE_DLFCN_H 1
#define LT_OBJDIR ".libs/"

configure: exit 0

## ---------------------- ##
## Running config.status. ##
## ---------------------- ##

This file was extended by waveform_pylib config.status 1.0, which was
generated by GNU Autoconf 2.69.  Invocation command line was

  CONFIG_FILES    = 
  CONFIG_HEADERS  = 
  CONFIG_LINKS    = 
  CONFIG_COMMANDS = 
  $ ./config.status 

on csrlap2025-0002.engin.umich.edu

config.status:1223: creating Makefile
config.status:1223: creating src/Makefile
config.status:1223: creating wavpy/Makefile
config.status:1223: creating config.h
config.status:1404: config.h is unchanged
config.status:1452: executing depfiles commands
config.status:1529: cd src       && sed -e '/# am--include-marker/d' Makefile         | make -f - am--depfiles
make[3]: Entering directory '/home/dinanbai/Downloads/wavpy-1.0/src'
make[3]: Leaving directory '/home/dinanbai/Downloads/wavpy-1.0/src'
config.status:1534: $? = 0
config.status:1529: cd wavpy       && sed -e '/# am--include-marker/d' Makefile         | make -f - am--depfiles
make[3]: Entering directory '/home/dinanbai/Downloads/wavpy-1.0/wavpy'
make[3]: Leaving directory '/home/dinanbai/Downloads/wavpy-1.0/wavpy'
config.status:1534: $? = 0
config.status:1452: executing libtool commands
